Performing C++ SOURCE FILE Test CMAKE_HAVE_LIBC_PTHREAD failed with the following output:
Change Dir: /home/lwjeong/project/build/CMakeFiles/CMakeTmp

Run Build Command(s):/usr/bin/make cmTC_86a9c/fast && /usr/bin/make -f CMakeFiles/cmTC_86a9c.dir/build.make CMakeFiles/cmTC_86a9c.dir/build
make[1]: Entering directory '/home/lwjeong/project/build/CMakeFiles/CMakeTmp'
Building CXX object CMakeFiles/cmTC_86a9c.dir/src.cxx.o
/usr/bin/c++    -DCMAKE_HAVE_LIBC_PTHREAD   -o CMakeFiles/cmTC_86a9c.dir/src.cxx.o -c /home/lwjeong/project/build/CMakeFiles/CMakeTmp/src.cxx
Linking CXX executable cmTC_86a9c
/usr/local/bin/cmake -E cmake_link_script CMakeFiles/cmTC_86a9c.dir/link.txt --verbose=1
/usr/bin/c++   -DCMAKE_HAVE_LIBC_PTHREAD    CMakeFiles/cmTC_86a9c.dir/src.cxx.o  -o cmTC_86a9c 
CMakeFiles/cmTC_86a9c.dir/src.cxx.o: In function `main':
src.cxx:(.text+0x3e): undefined reference to `pthread_create'
src.cxx:(.text+0x4a): undefined reference to `pthread_detach'
src.cxx:(.text+0x5b): undefined reference to `pthread_join'
src.cxx:(.text+0x6f): undefined reference to `pthread_atfork'
collect2: error: ld returned 1 exit status
CMakeFiles/cmTC_86a9c.dir/build.make:86: recipe for target 'cmTC_86a9c' failed
make[1]: *** [cmTC_86a9c] Error 1
make[1]: Leaving directory '/home/lwjeong/project/build/CMakeFiles/CMakeTmp'
Makefile:121: recipe for target 'cmTC_86a9c/fast' failed
make: *** [cmTC_86a9c/fast] Error 2


Source file was:
#include <pthread.h>

void* test_func(void* data)
{
  return data;
}

int main(void)
{
  pthread_t thread;
  pthread_create(&thread, NULL, test_func, NULL);
  pthread_detach(thread);
  pthread_join(thread, NULL);
  pthread_atfork(NULL, NULL, NULL);
  pthread_exit(NULL);

  return 0;
}

